
Gurobi 12.0.3 (win64) logging started Sun Nov  9 11:36:37 2025

Set parameter LogFile to value "Results\50_percent\stage_2\budget_10000\gurobi.log"
Gurobi Optimizer version 12.0.3 build v12.0.3rc0 (win64 - Windows 11+.0 (26200.2))

CPU model: Intel(R) Core(TM) Ultra 7 265K, instruction set [SSE2|AVX|AVX2]
Thread count: 20 physical cores, 20 logical processors, using up to 20 threads

Non-default parameters:
TimeLimit  86400

Optimize a model with 11951149 rows, 12518690 columns and 52505598 nonzeros
Model fingerprint: 0x430ecc17
Variable types: 0 continuous, 12518690 integer (581665 binary)
Coefficient statistics:
  Matrix range     [1e+00, 1e+12]
  Objective range  [1e+00, 1e+00]
  Bounds range     [1e+00, 1e+00]
  RHS range        [1e+00, 1e+04]
Warning: Model contains large matrix coefficients
         Consider reformulating model or setting NumericFocus parameter
         to avoid numerical issues.
Found heuristic solution: objective 3.0000000
Presolve removed 11850420 rows and 244368 columns (presolve time = 5s)...
Presolve removed 11850441 rows and 261491 columns (presolve time = 10s)...
Presolve removed 11850441 rows and 261491 columns
Presolve time: 10.36s
Presolved: 100708 rows, 12257199 columns, 39864100 nonzeros
Variable types: 0 continuous, 12257199 integer (577893 binary)
Performing another presolve...
Presolve removed 0 rows and 19 columns (presolve time = 6s)...
Presolve removed 44 rows and 19 columns (presolve time = 10s)...
Presolve removed 44 rows and 130 columns (presolve time = 15s)...
Presolve removed 63 rows and 149 columns (presolve time = 20s)...
Presolve removed 63 rows and 149 columns (presolve time = 25s)...
Presolve removed 493 rows and 37498 columns (presolve time = 31s)...
Presolve removed 493 rows and 37498 columns (presolve time = 35s)...
Presolve removed 493 rows and 37498 columns (presolve time = 40s)...
Presolve removed 493 rows and 37498 columns (presolve time = 47s)...
Presolve removed 493 rows and 37498 columns (presolve time = 50s)...
Presolve removed 493 rows and 37498 columns (presolve time = 55s)...
Presolve removed 493 rows and 37498 columns (presolve time = 60s)...
Presolve removed 493 rows and 37498 columns (presolve time = 65s)...
Presolve removed 493 rows and 37498 columns (presolve time = 70s)...
Presolve removed 493 rows and 37498 columns (presolve time = 75s)...
Presolve removed 493 rows and 37498 columns (presolve time = 84s)...
Presolve removed 493 rows and 37498 columns (presolve time = 90s)...
Presolve removed 493 rows and 37498 columns (presolve time = 95s)...
Presolve removed 493 rows and 37498 columns (presolve time = 100s)...
Presolve removed 493 rows and 37498 columns (presolve time = 106s)...
Presolve removed 493 rows and 37498 columns (presolve time = 116s)...
Presolve removed 493 rows and 37498 columns (presolve time = 120s)...
Presolve removed 493 rows and 37498 columns
Presolve time: 122.49s
Deterministic concurrent LP optimizer: primal simplex, dual simplex, and barrier
Showing barrier log only...

Root barrier log...

Elapsed ordering time = 5s
Elapsed ordering time = 10s
Elapsed ordering time = 15s
Elapsed ordering time = 20s
Elapsed ordering time = 28s
Elapsed ordering time = 30s
Elapsed ordering time = 35s
Ordering time: 60.80s

Barrier statistics:
 AA' NZ     : 1.398e+07
 Factor NZ  : 3.258e+08 (roughly 8.0 GB of memory)
 Factor Ops : 4.067e+12 (roughly 8 seconds per iteration)
 Threads    : 18

                  Objective                Residual
Iter       Primal          Dual         Primal    Dual     Compl     Time
   0   1.05965464e+09  9.02449558e+09  1.62e+10 5.94e-01  6.85e+03   248s
   1   5.20804763e+08  8.57183967e+09  8.05e+09 5.69e-01  3.43e+03   251s
   2   2.85451490e+08  7.80558920e+09  4.56e+09 4.44e-01  1.98e+03   253s
   3   1.54976525e+08  6.19120121e+09  2.54e+09 2.21e-01  1.11e+03   255s
   4   6.98152625e+07  4.12666265e+09  1.17e+09 9.86e-02  5.32e+02   257s
   5   3.81261436e+07  2.93841567e+09  6.43e+08 6.16e-02  3.07e+02   259s
   6   2.25898991e+07  1.84775172e+09  3.82e+08 3.53e-02  1.83e+02   261s
   7   6.99576926e+06  1.36243028e+09  1.19e+08 2.42e-02  8.83e+01   263s
   8   5.31522602e+06  6.42424141e+08  9.03e+07 8.02e-03  5.18e+01   265s
   9   2.44142881e+06  1.16498486e+08  4.14e+07 1.42e-14  1.71e+01   268s
  10   4.79861421e+05  3.55058129e+07  8.01e+06 8.06e-15  3.90e+00   270s
  11   2.91041145e+05  2.55325281e+07  4.80e+06 1.00e-14  2.55e+00   272s
  12   1.92297073e+05  1.83370222e+07  3.14e+06 7.65e-15  1.74e+00   274s
  13   1.19184414e+05  1.36205895e+07  1.92e+06 8.27e-15  1.17e+00   276s
  14   6.63878795e+04  1.02721982e+07  1.04e+06 8.16e-15  7.57e-01   278s
  15   3.54724264e+04  8.40722597e+06  5.32e+05 6.89e-15  5.19e-01   280s
  16   1.63223009e+04  6.65432966e+06  2.25e+05 6.79e-15  3.47e-01   282s
  17   1.09439662e+04  5.05459565e+06  1.42e+05 5.36e-15  2.55e-01   285s
  18   7.31088870e+03  3.05740094e+06  8.65e+04 7.79e-15  1.56e-01   287s
  19   5.36844020e+03  2.17057911e+06  5.85e+04 7.41e-15  1.10e-01   289s
  20   4.14892285e+03  1.68238133e+06  4.29e+04 8.70e-15  8.43e-02   291s
  21   3.37454502e+03  1.07958335e+06  3.41e+04 9.99e-15  5.73e-02   293s
  22   2.15419262e+03  6.87541278e+05  1.96e+04 9.75e-15  3.59e-02   295s
  23   1.54676287e+03  4.84905584e+05  1.34e+04 9.90e-15  2.52e-02   297s
  24   1.20425621e+03  1.65117669e+05  1.03e+04 1.32e-14  1.11e-02   300s
  25   9.33301999e+02  4.24601248e+04  7.94e+03 1.42e-14  5.18e-03   302s
  26   3.20503719e+02  1.30233182e+04  2.71e+03 1.52e-14  1.72e-03   304s
  27   5.42934709e+01  4.57687649e+03  3.73e+02 1.57e-14  3.50e-04   306s
  28   4.61815824e+01  3.07611576e+03  3.09e+02 1.29e-14  2.45e-04   309s
  29   4.27654781e+01  2.97376621e+03  2.84e+02 1.43e-14  2.29e-04   311s
  30   3.91075981e+01  2.76682489e+03  2.55e+02 1.12e-14  2.06e-04   314s
  31   3.61729328e+01  2.70096325e+03  2.34e+02 1.10e-14  1.95e-04   316s
  32   3.40198005e+01  2.63271396e+03  2.17e+02 1.29e-14  1.85e-04   319s
  33   2.86743147e+01  2.88880179e+03  5.57e+01 2.56e-14  1.48e-04   330s
  34   2.63508305e+01  2.49144164e+03  5.07e+01 2.31e-14  1.26e-04   346s
  35   1.52211607e+01  1.38748385e+03  2.57e+01 1.40e-14  6.52e-05   365s
  36   4.94137378e+00  1.14816556e+03  2.98e+00 1.21e-14  4.76e-05   384s
  37   4.44968427e+00  5.78752686e+02  2.36e+00 1.87e-14  2.41e-05   405s
  38   5.25390907e+00  5.67061041e+02  1.88e+00 1.87e-14  2.35e-05   422s
  39   4.49318503e+00  1.09731415e+03  1.88e+00 2.11e-14  4.54e-05   441s
  40   5.11835054e+00  5.40601802e+02  3.59e-01 1.14e-14  2.19e-05   465s
  41   5.71037980e+00  4.42479230e+02  1.20e-01 8.51e-15  1.78e-05   483s
  42   6.51622953e+00  4.37186490e+02  1.16e-01 8.22e-15  1.76e-05   506s
  43   6.69345085e+00  4.20172253e+02  1.09e-01 7.30e-15  1.69e-05   531s
  44   8.32210340e+00  3.74919018e+02  6.77e-02 8.88e-15  1.50e-05   550s
  45   8.40811005e+00  3.83824705e+02  6.76e-02 8.88e-15  1.53e-05   567s
  46   8.31878748e+00  3.11381200e+02  3.25e-02 8.88e-15  1.24e-05   585s
  47   1.00009025e+01  3.01298731e+02  2.69e-02 8.88e-15  1.19e-05   602s
  48   1.10649802e+01  3.48087957e+02  2.60e-02 1.42e-14  1.37e-05   620s
  49   1.17047090e+01  3.20272466e+02  2.22e-02 1.07e-14  1.26e-05   639s
  50   1.56744203e+01  2.74042693e+02  1.42e-02 1.07e-14  1.05e-05   657s
  51   1.66951199e+01  2.69694409e+02  1.34e-02 1.07e-14  1.03e-05   678s
  52   1.94091305e+01  3.14805368e+02  1.29e-02 1.42e-14  1.20e-05   695s
  53   1.95235412e+01  3.06155666e+02  1.27e-02 1.42e-14  1.17e-05   712s
  54   2.11536939e+01  2.61855549e+02  1.19e-02 1.42e-14  9.81e-06   730s
  55   2.32454990e+01  2.53386933e+02  1.13e-02 1.24e-14  9.38e-06   748s
  56   2.19628588e+01  2.51887802e+02  1.13e-02 1.42e-14  9.37e-06   765s
  57   2.28857592e+01  2.51405555e+02  1.11e-02 1.42e-14  9.32e-06   781s
  58   2.33250204e+01  2.49347265e+02  1.11e-02 1.07e-14  9.21e-06   798s
  59   1.09333370e+09  2.48157538e+12  1.67e+10 1.00e+00  1.94e+06   829s
  60   1.75994215e+08  2.26115670e+12  2.88e+09 3.03e+02  4.02e+05   849s
  61   2.76446535e+07  1.56974557e+12  4.72e+08 1.08e+02  1.09e+05   872s
  62   2.67498544e+06  3.42242333e+11  4.87e+07 1.26e+01  1.77e+04   893s
  63   1.97475643e+05  2.17489970e+10  3.52e+06 1.36e-11  1.15e+03   912s
  64   1.22644869e+04  9.58980599e+09  2.13e+05 1.49e-11  4.08e+02   930s
  65   1.74550203e+03  5.35844646e+09  3.06e+04 2.10e-11  2.21e+02   946s
  66   4.44268848e+02  1.24140297e+09  7.21e+03 1.72e-11  5.16e+01   962s
  67   3.68595916e+01  1.31469691e+07  5.49e+02 1.39e-11  6.08e-01   977s
  68   1.48267984e+01  2.01542303e+06  1.90e+02 1.96e-11  1.02e-01   992s
  69   5.38247327e+00  9.72063811e+05  3.59e+01 1.77e-11  4.23e-02  1007s
  70   3.56724972e+00  3.68773756e+05  6.85e+00 1.61e-11  1.53e-02  1022s
  71   3.26423252e+00  2.02569083e+05  1.81e+00 1.51e-11  8.30e-03  1037s
  72   3.20887454e+00  1.44090076e+05  6.80e-01 2.16e-11  5.88e-03  1052s
  73   3.18937489e+00  8.62441743e+04  1.29e-03 1.85e-11  3.51e-03  1067s
  74   3.19045218e+00  3.91152597e+03  3.35e-12 1.45e-11  1.59e-04  1083s
  75   3.26866148e+00  3.45432189e+03  1.43e-11 2.38e-11  1.41e-04  1097s
  76   4.22420561e+00  3.39144790e+03  4.03e-11 3.42e-11  1.38e-04  1112s
  77   3.26047724e+00  3.07199740e+03  1.79e-11 3.59e-11  1.25e-04  1127s
  78   3.63820951e+00  2.98085717e+03  1.19e-11 3.53e-11  1.21e-04  1142s
  79   4.27722375e+00  2.54196919e+03  3.31e-11 2.41e-11  1.03e-04  1158s
  80   4.36663806e+00  1.51690960e+03  6.71e-12 2.31e-11  6.16e-05  1174s
  81   5.31868183e+00  9.44814797e+02  3.61e-11 2.11e-11  3.83e-05  1190s
  82   6.29661104e+00  9.39284169e+02  2.61e-11 3.16e-11  3.80e-05  1206s
  83   5.33116193e+00  8.48431058e+02  1.22e-11 4.00e-11  3.44e-05  1222s
  84   5.68408368e+00  8.08984358e+02  2.82e-11 2.76e-11  3.27e-05  1237s
  85   6.14980485e+00  9.52583967e+02  3.37e-11 2.35e-11  3.86e-05  1253s
  86   6.69047367e+00  5.58415362e+02  7.19e-12 2.02e-11  2.25e-05  1270s
  87   7.36539304e+00  5.50816428e+02  1.62e-11 2.52e-11  2.21e-05  1287s
  88   6.87278521e+00  4.78752242e+02  2.27e-11 1.94e-11  1.92e-05  1305s
  89   7.48536881e+00  3.49088595e+02  3.08e-11 2.10e-11  1.39e-05  1325s
  90   1.01226528e+01  3.38522841e+02  3.48e-11 3.22e-11  1.34e-05  1344s
  91   1.01701491e+01  3.81534399e+02  2.14e-11 3.67e-11  1.51e-05  1361s
  92   1.44286586e+01  3.30829383e+02  9.83e-12 3.19e-11  1.29e-05  1380s
  93   1.53049896e+01  3.80487089e+02  1.97e-11 3.09e-11  1.49e-05  1397s
  94   1.85024973e+01  2.84906923e+02  1.42e-11 2.19e-11  1.09e-05  1417s
  95   2.06623544e+01  2.99000801e+02  8.08e-12 2.52e-11  1.13e-05  1434s
  96   2.00319635e+01  2.80612956e+02  3.00e-11 3.19e-11  1.06e-05  1452s
  97   2.16090497e+01  2.73757422e+02  7.85e-12 3.84e-11  1.03e-05  1468s
  98   2.18019273e+01  2.78921917e+02  9.04e-12 3.84e-11  1.05e-05  1484s
  99   2.48739850e+01  2.65290225e+02  5.08e-11 4.02e-11  9.80e-06  1505s
 100   2.53433928e+01  2.68095397e+02  4.04e-11 4.11e-11  9.89e-06  1522s
 101   2.70315722e+01  2.65619907e+02  8.91e-11 3.65e-11  9.72e-06  1541s
 102   2.69936657e+01  2.61147540e+02  8.89e-11 3.77e-11  9.54e-06  1558s
 103   2.74386792e+01  2.56590377e+02  8.73e-11 3.89e-11  9.34e-06  1578s
 104   3.16226850e+01  2.49669506e+02  7.98e-11 4.30e-11  8.89e-06  1597s
 105   3.13146409e+01  2.49600927e+02  7.98e-11 4.57e-11  8.90e-06  1614s
 106   3.15743070e+01  2.45013793e+02  7.95e-11 4.75e-11  8.70e-06  1632s
 107   3.25015710e+01  2.43711618e+02  1.03e-08 4.64e-11  8.61e-06  1648s
 108   3.63806234e+01  2.36319348e+02  3.12e-08 5.43e-11  8.15e-06  1668s
 109   3.64996674e+01  2.45954847e+02  3.12e-08 4.95e-11  8.54e-06  1683s
 110   3.53029746e+01  2.45886267e+02  1.44e-08 5.10e-11  8.58e-06  1699s
 111   3.73916336e+01  2.41693318e+02  1.42e-08 5.06e-11  8.33e-06  1716s
 112   4.05356789e+01  2.28733040e+02  1.30e-08 4.72e-11  7.67e-06  1736s
 113   4.08569852e+01  2.33538158e+02  1.29e-08 4.88e-11  7.85e-06  1753s
 114   4.37365070e+01  2.31356332e+02  1.32e-08 5.11e-11  7.65e-06  1771s
 115   4.48822109e+01  2.41616396e+02  1.31e-08 5.22e-11  8.02e-06  1789s
 116   4.39743599e+01  2.37263729e+02  1.28e-08 5.49e-11  7.88e-06  1806s
 117   4.53811276e+01  2.27645585e+02  1.22e-08 5.18e-11  7.43e-06  1826s
 118   4.71508472e+01  2.19576406e+02  1.19e-08 4.99e-11  7.03e-06  1847s
 119   4.84388574e+01  2.17971348e+02  1.19e-08 4.61e-11  6.91e-06  1864s
 120   4.89087918e+01  2.11400359e+02  1.18e-08 4.07e-11  6.62e-06  1881s
 121   5.51473292e+01  2.05432423e+02  1.07e-08 4.54e-11  6.13e-06  1900s
 122   5.52070757e+01  2.02157753e+02  1.07e-08 4.58e-11  5.99e-06  1917s
 123   5.58827054e+01  2.04281327e+02  1.06e-08 5.07e-11  6.05e-06  1934s
 124   5.83099217e+01  2.05827561e+02  1.58e-08 4.42e-11  6.01e-06  1952s
 125   5.96002193e+01  2.04583686e+02  1.55e-08 3.73e-11  5.91e-06  1967s
 126   6.24331391e+01  1.97882751e+02  1.70e-08 4.51e-11  5.52e-06  1986s
 127   6.49009072e+01  2.04246180e+02  1.71e-08 4.18e-11  5.68e-06  2005s
 128   6.95775154e+01  1.97764294e+02  1.66e-08 4.05e-11  5.22e-06  2022s
 129   7.00367764e+01  1.99676599e+02  1.69e-08 4.06e-11  5.28e-06  2042s
 130   7.12206483e+01  1.94577660e+02  1.60e-08 5.13e-11  5.03e-06  2060s
 131   7.21528479e+01  1.93626547e+02  1.50e-08 5.70e-11  4.95e-06  2079s
 132   7.25592404e+01  1.92515065e+02  1.38e-08 5.95e-11  4.89e-06  2096s
 133   7.53237087e+01  1.91473271e+02  1.44e-08 5.78e-11  4.73e-06  2116s
 134   7.67404686e+01  1.92160891e+02  1.41e-08 5.87e-11  4.70e-06  2138s
 135   7.76495137e+01  1.90136586e+02  1.10e-08 5.31e-11  4.58e-06  2157s
 136   7.98948178e+01  1.86800749e+02  1.04e-08 4.79e-11  4.36e-06  2174s
 137   7.93524943e+01  1.90313718e+02  1.03e-08 5.44e-11  4.52e-06  2192s
 138   8.15617626e+01  1.87256586e+02  9.36e-09 5.97e-11  4.31e-06  2209s
 139   8.70964782e+01  1.86245891e+02  4.15e-09 6.12e-11  4.04e-06  2229s
 140   8.77140579e+01  1.84707187e+02  3.88e-09 5.86e-11  3.95e-06  2246s
 141   8.79636870e+01  1.84391148e+02  3.70e-09 5.83e-11  3.93e-06  2262s
 142   8.93536804e+01  1.84778263e+02  3.64e-09 3.69e-11  3.89e-06  2281s
 143   9.34881558e+01  1.83257523e+02  2.10e-09 3.37e-11  3.66e-06  2298s
 144   9.48209269e+01  1.82272330e+02  2.31e-09 3.37e-11  3.56e-06  2314s
 145   9.61182692e+01  1.82174962e+02  3.54e-09 4.45e-11  3.51e-06  2332s
 146   9.74913325e+01  1.81297774e+02  3.81e-09 4.28e-11  3.42e-06  2349s
 147   9.82200809e+01  1.80961071e+02  8.04e-09 4.66e-11  3.37e-06  2366s
 148   1.03040213e+02  1.79348000e+02  4.74e-09 4.46e-11  3.11e-06  2386s
 149   1.04346016e+02  1.78551009e+02  4.55e-09 3.60e-11  3.02e-06  2404s
 150   1.05089240e+02  1.78481253e+02  5.70e-09 3.87e-11  2.99e-06  2423s
 151   1.05857337e+02  1.78336161e+02  6.10e-09 4.13e-11  2.95e-06  2440s
 152   1.06735380e+02  1.77835994e+02  5.97e-09 3.39e-11  2.90e-06  2460s
 153   1.08265350e+02  1.77578171e+02  1.42e-08 3.70e-11  2.82e-06  2479s
 154   1.10156508e+02  1.77225783e+02  1.74e-08 3.46e-11  2.73e-06  2498s
 155   1.11633476e+02  1.76931293e+02  1.54e-08 4.13e-11  2.66e-06  2515s
 156   1.11775653e+02  1.76316819e+02  2.77e-09 5.11e-11  2.63e-06  2532s
 157   1.11821732e+02  1.76239961e+02  6.73e-09 4.97e-11  2.63e-06  2549s
 158   1.15077609e+02  1.75573209e+02  2.15e-08 4.22e-11  2.47e-06  2568s
 159   1.15907100e+02  1.75146416e+02  1.54e-08 4.79e-11  2.41e-06  2585s
 160   1.16211270e+02  1.74919842e+02  1.41e-08 4.84e-11  2.39e-06  2601s
 161   1.17892673e+02  1.74593720e+02  2.00e-08 5.15e-11  2.31e-06  2619s
 162   1.19142538e+02  1.75235633e+02  4.23e-08 5.27e-11  2.29e-06  2636s
 163   1.20116670e+02  1.74370815e+02  4.52e-08 4.69e-11  2.21e-06  2655s
 164   1.22581178e+02  1.74181509e+02  4.51e-08 4.52e-11  2.10e-06  2674s
 165   1.25246754e+02  1.73577969e+02  9.37e-08 3.83e-11  1.97e-06  2693s
 166   1.25786880e+02  1.73612766e+02  9.39e-08 3.47e-11  1.95e-06  2711s
 167   1.27190168e+02  1.73452100e+02  9.42e-08 4.09e-11  1.89e-06  2731s
 168   1.27646523e+02  1.72946026e+02  9.54e-08 4.36e-11  1.85e-06  2748s
 169   1.27909812e+02  1.72911945e+02  9.14e-08 5.11e-11  1.83e-06  2763s
 170   1.28729728e+02  1.72888159e+02  9.01e-08 4.40e-11  1.80e-06  2781s
 171   1.29939530e+02  1.72580747e+02  1.26e-07 3.96e-11  1.74e-06  2799s
 172   1.38886325e+02  1.72205437e+02  1.12e-07 3.55e-11  1.36e-06  2817s
 173   1.39616134e+02  1.72393086e+02  1.07e-07 3.39e-11  1.34e-06  2832s
 174   1.41267885e+02  1.72117922e+02  1.09e-07 3.49e-11  1.26e-06  2851s
 175   1.43621273e+02  1.72114004e+02  9.08e-08 3.28e-11  1.16e-06  2870s
 176   1.44615703e+02  1.72172407e+02  8.88e-08 3.12e-11  1.12e-06  2885s
 177   1.45758329e+02  1.72092452e+02  8.62e-08 2.94e-11  1.07e-06  2901s
 178   1.46829136e+02  1.71835960e+02  1.09e-07 3.70e-11  1.02e-06  2920s
 179   1.48011770e+02  1.71786724e+02  1.26e-07 3.72e-11  9.69e-07  2939s
 180   1.48538750e+02  1.71766369e+02  1.45e-07 4.47e-11  9.47e-07  2956s
 181   1.48774035e+02  1.71755378e+02  1.43e-07 5.06e-11  9.37e-07  2972s
 182   1.48914806e+02  1.71748149e+02  1.48e-07 5.98e-11  9.31e-07  2987s
 183   1.49491811e+02  1.71671331e+02  1.59e-07 4.98e-11  9.04e-07  3006s
 184   1.52466363e+02  1.71630955e+02  1.51e-07 5.04e-11  7.81e-07  3025s
 185   1.53121907e+02  1.71580296e+02  1.49e-07 4.85e-11  7.52e-07  3041s
 186   1.55093501e+02  1.71572273e+02  1.92e-07 4.25e-11  6.72e-07  3060s
 187   1.55922072e+02  1.71344598e+02  1.94e-07 3.42e-11  6.29e-07  3076s
 188   1.56308683e+02  1.71353595e+02  1.89e-07 4.33e-11  6.13e-07  3095s
 189   1.56738204e+02  1.71283308e+02  1.92e-07 4.87e-11  5.93e-07  3113s
 190   1.57816019e+02  1.71241105e+02  1.07e-07 5.90e-11  5.47e-07  3128s
 191   1.58999261e+02  1.71280317e+02  9.48e-08 5.68e-11  5.01e-07  3144s
 192   1.59150385e+02  1.71089331e+02  9.58e-08 3.98e-11  4.87e-07  3161s
 193   1.61496034e+02  1.71062776e+02  8.14e-08 1.67e-11  3.90e-07  3178s
 194   1.61583804e+02  1.71001392e+02  8.06e-08 2.36e-11  3.84e-07  3196s
 195   1.61870241e+02  1.70972716e+02  7.81e-08 2.76e-11  3.71e-07  3218s
 196   1.65027373e+02  1.71018060e+02  5.28e-08 2.74e-11  2.44e-07  3241s
 197   1.65895449e+02  1.71002864e+02  4.48e-08 3.56e-11  2.08e-07  3258s
 198   1.65926210e+02  1.70903731e+02  4.45e-08 3.29e-11  2.03e-07  3275s
 199   1.67028607e+02  1.70880329e+02  3.44e-08 3.52e-11  1.57e-07  3300s
 200   1.70041529e+02  1.70885125e+02  9.79e-09 2.62e-11  3.44e-08  3323s
 201   1.70704908e+02  1.70831923e+02  1.25e-09 1.40e-11  5.18e-09  3345s
 202   1.70809417e+02  1.70809548e+02  1.24e-09 1.89e-11  5.32e-12  3362s
 203   1.70809523e+02  1.70809524e+02  1.26e-08 1.44e-11  3.39e-14  3378s

Barrier solved model in 203 iterations and 3378.47 seconds (2944.65 work units)
Optimal objective 1.70809523e+02


Root crossover log...

   93594 DPushes remaining with DInf 0.0000000e+00              3380s
    1333 DPushes remaining with DInf 0.0000000e+00              3381s
       1 DPushes remaining with DInf 0.0000000e+00              3386s

     209 PPushes remaining with PInf 0.0000000e+00              3386s
       0 PPushes remaining with PInf 0.0000000e+00              3386s

  Push phase complete: Pinf 0.0000000e+00, Dinf 6.0410010e-14   3386s


Root simplex log...

Iteration    Objective       Primal Inf.    Dual Inf.      Time
   49618    1.7080952e+02   0.000000e+00   0.000000e+00   3386s
