
Gurobi 12.0.3 (win64) logging started Sun Nov  9 23:35:06 2025

Set parameter LogFile to value "Results\10_percent\budget_200000\stage_2\gurobi.log"
Gurobi Optimizer version 12.0.3 build v12.0.3rc0 (win64 - Windows 11+.0 (26200.2))

CPU model: Intel(R) Core(TM) Ultra 7 265K, instruction set [SSE2|AVX|AVX2]
Thread count: 20 physical cores, 20 logical processors, using up to 20 threads

Non-default parameters:
TimeLimit  86400

Optimize a model with 4123626 rows, 4145343 columns and 16666802 nonzeros
Model fingerprint: 0x0af33e63
Variable types: 0 continuous, 4145343 integer (24443 binary)
Coefficient statistics:
  Matrix range     [1e+00, 2e+03]
  Objective range  [1e+00, 1e+00]
  Bounds range     [1e+00, 1e+00]
  RHS range        [1e+00, 2e+05]
Found heuristic solution: objective 1.0000000
Presolve removed 4085572 rows and 2031 columns
Presolve time: 2.37s
Presolved: 38054 rows, 4143312 columns, 12581212 nonzeros
Variable types: 0 continuous, 4143312 integer (24442 binary)
Performing another presolve...
Presolve removed 52 rows and 8 columns (presolve time = 5s)...
Presolve removed 208 rows and 2846 columns (presolve time = 10s)...
Presolve removed 208 rows and 2846 columns (presolve time = 15s)...
Presolve removed 208 rows and 2846 columns (presolve time = 21s)...
Presolve removed 208 rows and 2846 columns (presolve time = 25s)...
Presolve removed 208 rows and 2846 columns (presolve time = 30s)...
Presolve removed 207 rows and 2846 columns
Presolve time: 30.41s
Deterministic concurrent LP optimizer: primal simplex, dual simplex, and barrier
Showing barrier log only...

Root barrier log...

Ordering time: 0.50s

Barrier statistics:
 AA' NZ     : 2.522e+06
 Factor NZ  : 5.734e+06 (roughly 1.7 GB of memory)
 Factor Ops : 9.090e+09 (less than 1 second per iteration)
 Threads    : 18

                  Objective                Residual
Iter       Primal          Dual         Primal    Dual     Compl     Time
   0   2.38559419e+08  3.11565166e+10  3.38e+10 5.68e-01  3.89e+04    48s
   1   4.59775800e+07  2.56274812e+10  7.17e+09 8.68e-01  9.87e+03    49s
   2   9.61474778e+06  9.19691000e+09  1.70e+09 1.47e-01  2.36e+03    50s
   3   1.48911772e+06  2.83585791e+09  2.84e+08 3.03e-02  5.23e+02    50s
   4   3.32785029e+05  8.84395666e+08  6.43e+07 5.89e-03  1.45e+02    51s
   5   2.04793581e+04  8.02292254e+07  3.70e+06 4.88e-04  1.19e+01    52s
   6   2.41134412e+03  1.15409042e+07  3.06e+05 6.96e-05  1.57e+00    53s
   7   1.07141781e+03  6.98370657e+06  9.54e+04 3.98e-05  9.03e-01    54s
   8   3.25373538e+02  2.70867641e+06  2.50e+04 1.44e-05  3.45e-01    54s
   9   1.73690778e+02  1.46998977e+06  1.20e+04 7.56e-06  1.86e-01    55s
  10   5.97680818e+01  2.57320068e+05  3.99e+03 1.26e-06  3.39e-02    56s
  11   2.78508590e+01  4.63452868e+04  1.17e+03 1.33e-07  6.22e-03    57s
  12   2.61386690e+01  2.71013567e+04  7.14e+02 7.34e-08  3.55e-03    58s
  13   2.65076901e+01  2.43148118e+04  6.86e+02 6.54e-08  3.18e-03    58s
  14   2.78807759e+01  2.36509086e+04  6.08e+02 6.35e-08  3.07e-03    59s
  15   2.85904307e+01  2.31314592e+04  5.99e+02 6.18e-08  3.00e-03    60s
  16   4.01303160e+01  1.96547280e+04  3.62e+02 5.19e-08  2.48e-03    61s
  17   4.07322679e+01  1.85137078e+04  3.59e+02 4.88e-08  2.33e-03    62s
  18   4.19439046e+01  1.64255361e+04  3.53e+02 4.32e-08  2.07e-03    63s
  19   5.06746845e+01  1.53229572e+04  3.19e+02 4.02e-08  1.92e-03    65s
  20   5.40010738e+01  1.46984817e+04  3.08e+02 3.85e-08  1.84e-03    66s
  21   5.96275555e+01  1.41526489e+04  2.96e+02 3.70e-08  1.77e-03    68s
  22   6.42354035e+01  1.37065013e+04  2.88e+02 3.58e-08  1.71e-03    69s
  23   7.35114370e+01  1.34587407e+04  2.72e+02 3.50e-08  1.67e-03    70s
  24   8.41825635e+01  1.27152461e+04  2.58e+02 3.30e-08  1.58e-03    71s
  25   9.06332037e+01  1.20503340e+04  2.51e+02 3.12e-08  1.49e-03    73s
  26   1.01574012e+02  1.14617814e+04  2.42e+02 2.96e-08  1.42e-03    74s
  27   1.14337140e+02  1.11259469e+04  2.35e+02 2.87e-08  1.37e-03    76s
  28   1.26425200e+02  1.06032908e+04  2.28e+02 2.73e-08  1.31e-03    77s
  29   1.42142848e+02  1.01359981e+04  2.21e+02 2.60e-08  1.24e-03    79s
  30   1.59074972e+02  9.84191082e+03  2.14e+02 2.52e-08  1.20e-03    80s
  31   1.77757375e+02  9.54009415e+03  2.07e+02 2.43e-08  1.16e-03    82s
  32   1.82309558e+02  9.32763030e+03  2.06e+02 2.37e-08  1.14e-03    83s
  33   1.90544902e+02  9.04649242e+03  2.03e+02 2.29e-08  1.10e-03    84s
  34   2.09274311e+02  8.79645971e+03  1.97e+02 2.22e-08  1.07e-03    86s
  35   2.21792469e+02  8.61477734e+03  1.93e+02 2.17e-08  1.04e-03    87s
  36   2.34403727e+02  8.47230862e+03  1.89e+02 2.13e-08  1.02e-03    88s
  37   2.52618777e+02  8.22567181e+03  1.82e+02 2.06e-08  9.89e-04    90s
  38   2.66308435e+02  7.95478022e+03  1.77e+02 1.98e-08  9.54e-04    92s
  39   2.70544476e+02  7.82597301e+03  1.76e+02 1.95e-08  9.37e-04    93s
  40   2.77269739e+02  7.66077137e+03  1.74e+02 1.90e-08  9.16e-04    94s
  41   2.98279638e+02  7.43702792e+03  1.68e+02 1.84e-08  8.85e-04    95s
  42   3.13989339e+02  7.32620592e+03  1.63e+02 1.80e-08  8.69e-04    97s
  43   3.33403733e+02  7.10870877e+03  1.57e+02 1.74e-08  8.39e-04    98s
  44   3.52141254e+02  6.86694608e+03  1.52e+02 1.68e-08  8.06e-04   100s
  45   3.65193000e+02  6.72602137e+03  1.49e+02 1.64e-08  7.87e-04   101s
  46   3.79269370e+02  6.51247016e+03  1.44e+02 1.58e-08  7.58e-04   103s
  47   3.95812553e+02  6.31656785e+03  1.40e+02 1.52e-08  7.32e-04   104s
  48   4.03044193e+02  6.18303924e+03  1.38e+02 1.48e-08  7.14e-04   106s
  49   4.25612248e+02  6.00873267e+03  1.34e+02 1.43e-08  6.90e-04   107s
  50   4.40026043e+02  5.86176169e+03  1.30e+02 1.39e-08  6.70e-04   109s
  51   4.61391543e+02  5.64919594e+03  1.26e+02 1.33e-08  6.40e-04   110s
  52   4.85217954e+02  5.48417816e+03  1.21e+02 1.28e-08  6.17e-04   112s
  53   5.03895984e+02  5.27713283e+03  1.17e+02 1.22e-08  5.89e-04   114s
  54   5.28723314e+02  5.10888504e+03  1.11e+02 1.17e-08  5.65e-04   115s
  55   5.45144201e+02  4.97452485e+03  1.08e+02 1.13e-08  5.46e-04   117s
  56   5.64269109e+02  4.83430927e+03  1.04e+02 1.09e-08  5.26e-04   118s
  57   5.80106175e+02  4.74411032e+03  1.01e+02 1.06e-08  5.13e-04   119s
  58   5.97727163e+02  4.55107700e+03  9.78e+01 1.01e-08  4.87e-04   121s
  59   6.15784589e+02  4.42827803e+03  9.49e+01 9.69e-09  4.69e-04   122s
  60   6.39203070e+02  4.31167501e+03  9.12e+01 9.34e-09  4.52e-04   124s
  61   6.61710799e+02  4.19782476e+03  8.77e+01 8.99e-09  4.35e-04   125s
  62   6.74954891e+02  4.08604785e+03  8.56e+01 8.65e-09  4.20e-04   127s
  63   6.88681466e+02  4.02071650e+03  8.33e+01 8.46e-09  4.10e-04   128s
  64   7.01230485e+02  3.90047489e+03  8.11e+01 8.09e-09  3.93e-04   130s
  65   7.18480596e+02  3.84582247e+03  7.84e+01 7.93e-09  3.84e-04   132s
  66   7.34498309e+02  3.71033472e+03  7.58e+01 7.52e-09  3.66e-04   133s
  67   7.46327646e+02  3.65141518e+03  7.40e+01 7.34e-09  3.57e-04   134s
  68   7.67124030e+02  3.56697002e+03  7.08e+01 7.08e-09  3.44e-04   136s
  69   7.86353173e+02  3.45210163e+03  6.79e+01 6.73e-09  3.27e-04   138s
  70   8.02898554e+02  3.36427414e+03  6.55e+01 6.46e-09  3.15e-04   139s
  71   8.08646773e+02  3.30664263e+03  6.47e+01 6.28e-09  3.07e-04   140s
  72   8.24285560e+02  3.21957432e+03  6.24e+01 6.01e-09  2.94e-04   142s
  73   8.40309812e+02  3.14880996e+03  6.01e+01 5.79e-09  2.83e-04   143s
  74   8.50176635e+02  3.08567305e+03  5.86e+01 5.60e-09  2.74e-04   144s
  75   8.61538103e+02  3.02224828e+03  5.70e+01 5.40e-09  2.65e-04   146s
  76   8.74448343e+02  2.95703077e+03  5.50e+01 5.20e-09  2.56e-04   147s
  77   8.87383685e+02  2.89341690e+03  5.32e+01 5.01e-09  2.46e-04   148s
  78   9.04062220e+02  2.81463875e+03  5.09e+01 4.76e-09  2.34e-04   150s
  79   9.13491908e+02  2.77130109e+03  4.97e+01 4.63e-09  2.28e-04   150s
  80   9.18695744e+02  2.72175409e+03  4.90e+01 4.46e-09  2.21e-04   152s
  81   9.26825610e+02  2.69704519e+03  4.79e+01 4.40e-09  2.17e-04   153s
  82   9.37609745e+02  2.63591199e+03  4.64e+01 4.20e-09  2.08e-04   154s
  83   9.54104759e+02  2.58634579e+03  4.41e+01 4.05e-09  2.00e-04   156s
  84   9.65814894e+02  2.53066709e+03  4.25e+01 3.87e-09  1.92e-04   157s
  85   9.76613196e+02  2.46556342e+03  4.11e+01 3.67e-09  1.83e-04   158s
  86   9.86305737e+02  2.41133964e+03  3.98e+01 3.50e-09  1.75e-04   160s
  87   9.98966525e+02  2.36531035e+03  3.80e+01 3.35e-09  1.67e-04   161s
  88   1.00816518e+03  2.30766170e+03  3.68e+01 3.17e-09  1.59e-04   162s
  89   1.01585508e+03  2.27892411e+03  3.60e+01 3.08e-09  1.55e-04   164s
  90   1.02669740e+03  2.23643081e+03  3.46e+01 2.94e-09  1.48e-04   165s
  91   1.03572893e+03  2.21168566e+03  3.35e+01 2.86e-09  1.44e-04   166s
  92   1.04154771e+03  2.17399230e+03  3.28e+01 2.75e-09  1.39e-04   168s
  93   1.04735040e+03  2.14846161e+03  3.21e+01 2.66e-09  1.35e-04   169s
  94   1.05633849e+03  2.12144304e+03  3.10e+01 2.58e-09  1.31e-04   170s
  95   1.06768106e+03  2.08964006e+03  2.96e+01 2.47e-09  1.25e-04   171s
  96   1.07409499e+03  2.05796086e+03  2.87e+01 2.38e-09  1.21e-04   173s
  97   1.08073660e+03  2.03716003e+03  2.79e+01 2.31e-09  1.17e-04   174s
  98   1.08186425e+03  2.03022771e+03  2.77e+01 2.29e-09  1.16e-04   175s
  99   1.08872947e+03  1.99851521e+03  2.67e+01 2.19e-09  1.11e-04   176s
 100   1.09375590e+03  1.97933532e+03  2.60e+01 2.13e-09  1.08e-04   177s
 101   1.10163609e+03  1.95973738e+03  2.49e+01 2.07e-09  1.05e-04   179s
 102   1.10815004e+03  1.93402024e+03  2.41e+01 1.99e-09  1.01e-04   180s
 103   1.11437298e+03  1.90908796e+03  2.32e+01 1.91e-09  9.73e-05   181s
 104   1.12091485e+03  1.88441478e+03  2.24e+01 1.83e-09  9.34e-05   183s
 105   1.12544005e+03  1.86273144e+03  2.18e+01 1.76e-09  9.02e-05   184s
 106   1.13277162e+03  1.83598103e+03  2.10e+01 1.68e-09  8.60e-05   185s
 107   1.13977109e+03  1.80638772e+03  2.01e+01 1.58e-09  8.16e-05   187s
 108   1.14357507e+03  1.77853421e+03  1.97e+01 1.49e-09  7.77e-05   188s
 109   1.15121130e+03  1.76681924e+03  1.87e+01 1.46e-09  7.53e-05   189s
 110   1.15898424e+03  1.74630120e+03  1.77e+01 1.39e-09  7.18e-05   191s
 111   1.16323380e+03  1.72206048e+03  1.72e+01 1.31e-09  6.84e-05   192s
 112   1.16957254e+03  1.70887446e+03  1.64e+01 1.27e-09  6.60e-05   193s
 113   1.17196849e+03  1.69403093e+03  1.61e+01 1.22e-09  6.38e-05   195s
 114   1.17740310e+03  1.67560198e+03  1.54e+01 1.17e-09  6.09e-05   196s
 115   1.18059723e+03  1.66265276e+03  1.50e+01 1.13e-09  5.89e-05   197s
 116   1.18514063e+03  1.65115206e+03  1.44e+01 1.09e-09  5.70e-05   199s
 117   1.18875535e+03  1.64152252e+03  1.40e+01 1.06e-09  5.53e-05   200s
 118   1.19052122e+03  1.63388990e+03  1.38e+01 1.03e-09  5.42e-05   201s
 119   1.19389403e+03  1.62335814e+03  1.34e+01 1.00e-09  5.25e-05   202s
 120   1.19908796e+03  1.61396750e+03  1.27e+01 9.71e-10  5.07e-05   204s
 121   1.20166111e+03  1.60178475e+03  1.24e+01 9.33e-10  4.89e-05   205s
 122   1.20409727e+03  1.59342696e+03  1.21e+01 9.06e-10  4.76e-05   206s
 123   1.20461814e+03  1.58380435e+03  1.20e+01 8.76e-10  4.63e-05   207s
 124   1.20858469e+03  1.57587256e+03  1.16e+01 8.50e-10  4.49e-05   209s
 125   1.21275879e+03  1.56673787e+03  1.11e+01 8.21e-10  4.32e-05   210s
 126   1.21502837e+03  1.55758391e+03  1.08e+01 7.91e-10  4.19e-05   211s
 127   1.21889718e+03  1.54535597e+03  1.04e+01 7.51e-10  3.99e-05   213s
 128   1.22030646e+03  1.53803660e+03  1.02e+01 7.28e-10  3.88e-05   214s
 129   1.22311720e+03  1.52836769e+03  9.89e+00 6.97e-10  3.73e-05   215s
 130   1.22575271e+03  1.51555530e+03  9.61e+00 6.54e-10  3.54e-05   216s
 131   1.22715291e+03  1.51122724e+03  9.46e+00 6.40e-10  3.47e-05   217s
 132   1.23150906e+03  1.50383459e+03  8.96e+00 6.16e-10  3.33e-05   218s
 133   1.23335177e+03  1.49930842e+03  8.75e+00 6.01e-10  3.25e-05   219s
 134   1.23867268e+03  1.49182290e+03  8.12e+00 5.78e-10  3.09e-05   221s
 135   1.24163229e+03  1.47987269e+03  7.80e+00 5.39e-10  2.91e-05   222s
 136   1.24407133e+03  1.47177004e+03  7.52e+00 5.12e-10  2.78e-05   223s
 137   1.24575234e+03  1.46787351e+03  7.34e+00 4.99e-10  2.71e-05   224s
 138   1.24871803e+03  1.46129156e+03  7.00e+00 4.78e-10  2.60e-05   225s
 139   1.25049203e+03  1.45339042e+03  6.81e+00 4.53e-10  2.48e-05   227s
 140   1.25402274e+03  1.44767663e+03  6.40e+00 4.34e-10  2.36e-05   228s
 141   1.25667913e+03  1.44361820e+03  6.10e+00 4.21e-10  2.28e-05   229s
 142   1.25768405e+03  1.44026554e+03  6.01e+00 4.09e-10  2.23e-05   230s
 143   1.25769829e+03  1.43929191e+03  5.99e+00 4.07e-10  2.22e-05   232s
 144   1.26113361e+03  1.42897545e+03  5.62e+00 3.72e-10  2.05e-05   233s
 145   1.26460983e+03  1.42171474e+03  5.24e+00 3.48e-10  1.92e-05   234s
 146   1.26503141e+03  1.41855401e+03  5.19e+00 3.39e-10  1.87e-05   236s
 147   1.26658705e+03  1.41531381e+03  5.02e+00 3.28e-10  1.82e-05   237s
 148   1.26679034e+03  1.41189406e+03  4.99e+00 3.17e-10  1.77e-05   238s
 149   1.26789690e+03  1.40885438e+03  4.85e+00 3.08e-10  1.72e-05   239s
 150   1.26851764e+03  1.40654396e+03  4.75e+00 3.01e-10  1.68e-05   240s
 151   1.26976262e+03  1.40270630e+03  4.57e+00 2.89e-10  1.62e-05   241s
 152   1.27076616e+03  1.39919210e+03  4.45e+00 2.79e-10  1.57e-05   242s
 153   1.27177153e+03  1.39855009e+03  4.30e+00 2.77e-10  1.55e-05   243s
 154   1.27360070e+03  1.39486936e+03  4.09e+00 2.66e-10  1.48e-05   244s
 155   1.27447992e+03  1.39345656e+03  3.97e+00 2.61e-10  1.45e-05   245s
 156   1.27606385e+03  1.38678805e+03  3.79e+00 2.40e-10  1.35e-05   246s
 157   1.27727522e+03  1.38491854e+03  3.64e+00 2.34e-10  1.31e-05   248s
 158   1.27841073e+03  1.38015113e+03  3.52e+00 2.19e-10  1.24e-05   249s
 159   1.27979854e+03  1.37801200e+03  3.36e+00 2.13e-10  1.20e-05   250s
 160   1.28068517e+03  1.37417211e+03  3.26e+00 2.00e-10  1.14e-05   251s
 161   1.28113110e+03  1.37246912e+03  3.21e+00 1.94e-10  1.11e-05   252s
 162   1.28137862e+03  1.36993498e+03  3.17e+00 1.86e-10  1.08e-05   253s
 163   1.28241277e+03  1.36805232e+03  3.06e+00 1.80e-10  1.04e-05   254s
 164   1.28423624e+03  1.36483217e+03  2.87e+00 1.69e-10  9.83e-06   255s
 165   1.28472789e+03  1.36195657e+03  2.82e+00 1.60e-10  9.42e-06   256s
 166   1.28525626e+03  1.36063862e+03  2.76e+00 1.56e-10  9.19e-06   257s
 167   1.28582545e+03  1.35922176e+03  2.69e+00 1.52e-10  8.95e-06   258s
 168   1.28599018e+03  1.35771236e+03  2.67e+00 1.47e-10  8.75e-06   259s
 169   1.28680777e+03  1.35635810e+03  2.57e+00 1.43e-10  8.48e-06   260s
 170   1.28732691e+03  1.35445166e+03  2.48e+00 1.38e-10  8.18e-06   261s
 171   1.28730664e+03  1.35437814e+03  2.46e+00 1.38e-10  8.18e-06   262s

Barrier performed 171 iterations in 262.25 seconds (309.65 work units)
Barrier solve interrupted - model solved by another algorithm

Concurrent spin time: 29.55s (can be avoided by choosing Method=3)

Solved with primal simplex

Root simplex log...

Iteration    Objective       Primal Inf.    Dual Inf.      Time
 1326846    1.3000000e+03   0.000000e+00   0.000000e+00    262s

Root relaxation: objective 1.300000e+03, 1326846 iterations, 224.02 seconds (266.88 work units)
Total elapsed time = 262.66s (DegenMoves)

    Nodes    |    Current Node    |     Objective Bounds      |     Work
 Expl Unexpl |  Obj  Depth IntInf | Incumbent    BestBd   Gap | It/Node Time

     0     0 1300.00000    0  924    1.00000 1300.00000      -     - 1238s
H    0     0                       2.0000000 1300.00000      -     - 1239s
H    0     0                       9.0000000 1300.00000      -     - 1239s
H    0     0                      32.0000000 1300.00000  3963%     - 1240s
H    0     0                      61.0000000 1300.00000  2031%     - 1241s
H    0     0                      74.0000000 1300.00000  1657%     - 1241s
H    0     0                     105.0000000 1300.00000  1138%     - 1242s
H    0     0                     127.0000000 1300.00000   924%     - 1242s
H    0     0                     251.0000000 1300.00000   418%     - 1243s
H    0     0                     262.0000000 1300.00000   396%     - 1243s
H    0     0                     274.0000000 1300.00000   374%     - 1243s
H    0     0                    1096.0000000 1300.00000  18.6%     - 1243s
H    0     0                    1100.0000000 1300.00000  18.2%     - 1244s
H    0     0                    1102.0000000 1300.00000  18.0%     - 1244s
H    0     0                    1103.0000000 1300.00000  17.9%     - 1244s
H    0     0                    1108.0000000 1300.00000  17.3%     - 1267s
     0     0 1266.55554    0 4808 1108.00000 1266.55554  14.3%     - 3209s
H    0     0                    1114.0000000 1266.54929  13.7%     - 3344s
H    0     0                    1119.0000000 1266.54929  13.2%     - 3346s
H    0     0                    1136.0000000 1266.54929  11.5%     - 4162s
H    0     0                    1149.0000000 1266.54929  10.2%     - 4238s
H    0     0                    1156.0000000 1266.54929  9.56%     - 4238s
H    0     0                    1157.0000000 1266.54929  9.47%     - 4238s
H    0     0                    1162.0000000 1266.54929  9.00%     - 5095s
H    0     0                    1163.0000000 1266.54929  8.90%     - 5095s
H    0     0                    1205.0000000 1266.54929  5.11%     - 6218s
     0     0 1265.81710    0 4743 1205.00000 1265.81710  5.05%     - 6299s
     0     0 1265.66982    0 4922 1205.00000 1265.66982  5.03%     - 6330s
     0     0 1265.66729    0 4829 1205.00000 1265.66729  5.03%     - 6338s
     0     0 1250.67556    0 5796 1205.00000 1250.67556  3.79%     - 6766s
     0     0 1246.78960    0 6295 1205.00000 1246.78960  3.47%     - 6973s
     0     0 1246.00573    0 6170 1205.00000 1246.00573  3.40%     - 7070s
     0     0 1245.93583    0 6188 1205.00000 1245.93583  3.40%     - 7103s
     0     0 1245.92631    0 6138 1205.00000 1245.92631  3.40%     - 7120s
     0     0 1245.92582    0 6153 1205.00000 1245.92582  3.40%     - 7127s
     0     0 1242.22549    0 6628 1205.00000 1242.22549  3.09%     - 7344s
     0     0 1241.47836    0 6788 1205.00000 1241.47836  3.03%     - 7484s
     0     0 1241.21407    0 6674 1205.00000 1241.21407  3.01%     - 7549s
     0     0 1241.12008    0 6716 1205.00000 1241.12008  3.00%     - 7594s
     0     0 1241.11600    0 6725 1205.00000 1241.11600  3.00%     - 7607s
     0     0 1240.21051    0 6989 1205.00000 1240.21051  2.92%     - 7731s
     0     0 1240.05050    0 7037 1205.00000 1240.05050  2.91%     - 7827s
     0     0 1239.96432    0 6929 1205.00000 1239.96432  2.90%     - 7855s
     0     0 1239.95593    0 7243 1205.00000 1239.95593  2.90%     - 7869s
     0     0 1237.60026    0 7563 1205.00000 1237.60026  2.71%     - 8129s
     0     0 1237.53819    0 7263 1205.00000 1237.53819  2.70%     - 8199s
     0     0 1237.53237    0 7280 1205.00000 1237.53237  2.70%     - 8211s
     0     0 1237.48672    0 7214 1205.00000 1237.48672  2.70%     - 8240s
     0     0 1237.48219    0 7224 1205.00000 1237.48219  2.70%     - 8299s
     0     0 1237.47640    0 7285 1205.00000 1237.47640  2.70%     - 8313s
     0     0 1237.47483    0 7287 1205.00000 1237.47483  2.70%     - 8358s
     0     0 1237.47457    0 7251 1205.00000 1237.47457  2.69%     - 8364s
     0     0 1237.47442    0 7287 1205.00000 1237.47442  2.69%     - 8412s
     0     0 1237.47437    0 7290 1205.00000 1237.47437  2.69%     - 8417s
     0     0 1237.47406    0 7291 1205.00000 1237.47406  2.69%     - 8455s
     0     0 1237.47314    0 7239 1205.00000 1237.47314  2.69%     - 8465s
H    0     0                    1208.0000000 1237.47314  2.44%     - 8908s
     0     2 1236.92800    0 7239 1208.00000 1236.92800  2.39%     - 9130s
     1     3 1236.44490    1 6787 1208.00000 1236.92800  2.39%  4373 9268s
     2     4 1236.92800    1 7073 1208.00000 1236.92800  2.39%  3810 9452s
     3     5 1236.01622    2 6549 1208.00000 1236.92800  2.39%  3404 9624s
     4     6 1234.22995    2 6588 1208.00000 1236.92800  2.39%  3582 9911s
     5    11 1233.69387    3 6295 1208.00000 1236.92800  2.39%  3445 10212s
    10    17 1236.22396    3 6474 1208.00000 1236.45569  2.36%  2706 10804s
    15    17 1232.20207    3 6565 1208.00000 1236.45569  2.36%  2652 10805s
    16    31 1235.36567    4 6158 1208.00000 1236.45569  2.36%  2746 11987s
    30    41 1235.73596    5 6171 1208.00000 1235.90611  2.31%  2945 13378s
    40    56 1235.37804    6 5817 1208.00000 1235.90611  2.31%  2720 14514s
H   54    56                    1209.0000000 1235.90611  2.23%  2533 14515s
    55    89 1235.29378    7 5644 1209.00000 1235.90611  2.23%  2536 18353s
    88   118 1235.17359    9 5134 1209.00000 1235.90611  2.23%  2110 20310s
   117   163 1234.80895   10 5086 1209.00000 1235.90611  2.23%  2013 22153s
   162   200 1234.08247   12 4984 1209.00000 1235.90611  2.23%  1859 23531s
   199   219 1233.87588   14 4504 1209.00000 1235.90611  2.23%  1724 24710s
   218   257 1233.29464   15 4619 1209.00000 1235.90611  2.23%  1713 25999s
   256   291 1232.86765   17 4034 1209.00000 1235.90611  2.23%  1625 27197s
   290   326 1232.50785   19 3859 1209.00000 1235.90611  2.23%  1569 28338s
   325   371 1231.25729   21 3903 1209.00000 1235.90611  2.23%  1516 29380s
   370   408 1230.99671   24 3632 1209.00000 1235.90611  2.23%  1442 30371s
   407   439 1230.66336   26 3374 1209.00000 1235.90611  2.23%  1391 31414s
   438   467 1230.47380   28 3056 1209.00000 1235.90611  2.23%  1375 32322s
   466   513 1230.25182   31 2572 1209.00000 1235.90611  2.23%  1339 33171s
   512   562 1230.17348   36 2112 1209.00000 1235.90611  2.23%  1279 34110s
   561   611 1229.84041   42 1667 1209.00000 1235.90611  2.23%  1224 35000s
   610   668 1228.25509   45 1487 1209.00000 1235.90611  2.23%  1184 35974s
   667   749 1228.13774   47 1174 1209.00000 1235.90611  2.23%  1143 36874s
   725   749 1226.32328   32 2212 1209.00000 1235.90611  2.23%  1092 36875s
   748   836 1227.88329   51 1047 1209.00000 1235.90611  2.23%  1069 37636s
H  835   856                    1227.0000000 1235.90611  0.73%   988 38795s
   855   827     cutoff   60      1227.00000 1235.90611  0.73%   979 39754s
H  866   827                    1228.0000000 1235.90611  0.64%   972 39754s
H  894   827                    1229.0000000 1235.90611  0.56%   948 39755s
   919   825 1233.57698   11 5278 1229.00000 1235.89392  0.56%   943 40923s
   970   861 1232.95447   12 5080 1229.00000 1235.89392  0.56%   949 42160s
  1008   888 1232.65923   14 4779 1229.00000 1235.89392  0.56%   974 43392s
  1069   915 1232.16151   16 4403 1229.00000 1235.89392  0.56%   985 44545s
  1120   946 1231.74325   18 4132 1229.00000 1235.89392  0.56%  1012 45660s
  1191   991 1231.04154   21 3301 1229.00000 1235.89392  0.56%  1023 46681s
  1266  1033 1230.10479   29 3174 1229.00000 1235.89392  0.56%  1037 47784s
